  0 File(s) copied
  FeatureExtraction.cpp
D:\Softwares\VisualStudio\VC\include\utility(200): warning C4267: 'initializing': conversion from 'size_t' to 'unsigned long', possible loss of data
  d:\work\srujana\5thjan\openface-master\lib\3rdparty\dlib\include\dlib\image_processing/shape_predictor.h(710): note: see reference to function template instantiation 'std::pair<unsigned long,unsigned long>::pair<int,unsigned __int64,void,0>(std::pair<int,unsigned __int64> &&) noexcept' being compiled
  d:\work\srujana\5thjan\openface-master\lib\3rdparty\dlib\include\dlib\image_processing/shape_predictor.h(710): note: see reference to function template instantiation 'std::pair<unsigned long,unsigned long>::pair<int,unsigned __int64,void,0>(std::pair<int,unsigned __int64> &&) noexcept' being compiled
d:\work\srujana\5thjan\openface-master\lib\3rdparty\tbb\include\tbb\enumerable_thread_specific.h(112): warning C4334: '<<': result of 32-bit shift implicitly converted to 64 bits (was 64-bit shift intended?)
  d:\work\srujana\5thjan\openface-master\lib\3rdparty\tbb\include\tbb\enumerable_thread_specific.h(111): note: while compiling class template member function 'void tbb::interface6::internal::ets_base<tbb::ets_no_key>::free(tbb::interface6::internal::ets_base<tbb::ets_no_key>::array *)'
  d:\work\srujana\5thjan\openface-master\lib\3rdparty\tbb\include\tbb\enumerable_thread_specific.h(218): note: see reference to function template instantiation 'void tbb::interface6::internal::ets_base<tbb::ets_no_key>::free(tbb::interface6::internal::ets_base<tbb::ets_no_key>::array *)' being compiled
  d:\work\srujana\5thjan\openface-master\lib\3rdparty\tbb\include\tbb\enumerable_thread_specific.h(245): note: see reference to class template instantiation 'tbb::interface6::internal::ets_base<tbb::ets_no_key>' being compiled
d:\work\srujana\5thjan\openface-master\lib\3rdparty\tbb\include\tbb\enumerable_thread_specific.h(105): warning C4334: '<<': result of 32-bit shift implicitly converted to 64 bits (was 64-bit shift intended?)
  d:\work\srujana\5thjan\openface-master\lib\3rdparty\tbb\include\tbb\enumerable_thread_specific.h(104): note: while compiling class template member function 'tbb::interface6::internal::ets_base<tbb::ets_no_key>::array *tbb::interface6::internal::ets_base<tbb::ets_no_key>::allocate(std::size_t)'
  d:\work\srujana\5thjan\openface-master\lib\3rdparty\tbb\include\tbb\enumerable_thread_specific.h(209): note: see reference to function template instantiation 'tbb::interface6::internal::ets_base<tbb::ets_no_key>::array *tbb::interface6::internal::ets_base<tbb::ets_no_key>::allocate(std::size_t)' being compiled
  Generating code
  Finished generating code
FaceAnalyser.lib(Face_utils.obj) : warning LNK4099: PDB 'FaceAnalyser.pdb' was not found with 'FaceAnalyser.lib(Face_utils.obj)' or at 'D:\Work\Srujana\5thJan\OpenFace-master\x64\Release\FaceAnalyser.pdb'; linking object as if no debug info
FaceAnalyser.lib(GazeEstimation.obj) : warning LNK4099: PDB 'FaceAnalyser.pdb' was not found with 'FaceAnalyser.lib(GazeEstimation.obj)' or at 'D:\Work\Srujana\5thJan\OpenFace-master\x64\Release\FaceAnalyser.pdb'; linking object as if no debug info
FaceAnalyser.lib(FaceAnalyser.obj) : warning LNK4099: PDB 'FaceAnalyser.pdb' was not found with 'FaceAnalyser.lib(FaceAnalyser.obj)' or at 'D:\Work\Srujana\5thJan\OpenFace-master\x64\Release\FaceAnalyser.pdb'; linking object as if no debug info
FaceAnalyser.lib(SVM_dynamic_lin.obj) : warning LNK4099: PDB 'FaceAnalyser.pdb' was not found with 'FaceAnalyser.lib(SVM_dynamic_lin.obj)' or at 'D:\Work\Srujana\5thJan\OpenFace-master\x64\Release\FaceAnalyser.pdb'; linking object as if no debug info
FaceAnalyser.lib(SVR_dynamic_lin_regressors.obj) : warning LNK4099: PDB 'FaceAnalyser.pdb' was not found with 'FaceAnalyser.lib(SVR_dynamic_lin_regressors.obj)' or at 'D:\Work\Srujana\5thJan\OpenFace-master\x64\Release\FaceAnalyser.pdb'; linking object as if no debug info
FaceAnalyser.lib(SVR_static_lin_regressors.obj) : warning LNK4099: PDB 'FaceAnalyser.pdb' was not found with 'FaceAnalyser.lib(SVR_static_lin_regressors.obj)' or at 'D:\Work\Srujana\5thJan\OpenFace-master\x64\Release\FaceAnalyser.pdb'; linking object as if no debug info
FaceAnalyser.lib(SVM_static_lin.obj) : warning LNK4099: PDB 'FaceAnalyser.pdb' was not found with 'FaceAnalyser.lib(SVM_static_lin.obj)' or at 'D:\Work\Srujana\5thJan\OpenFace-master\x64\Release\FaceAnalyser.pdb'; linking object as if no debug info
  FeatureExtraction.vcxproj -> D:\Work\Srujana\5thJan\OpenFace-master\x64\Release\FeatureExtraction.exe
  FeatureExtraction.vcxproj -> D:\Work\Srujana\5thJan\OpenFace-master\x64\Release\FeatureExtraction.pdb (Full PDB)
  0 File(s) copied
  0 File(s) copied
  0 File(s) copied
  0 File(s) copied
